Files already downloaded and verified
Files already downloaded and verified
Started Training

Epoch: 1
Epoch: 2
Epoch: 3
Epoch: 4
Epoch: 5
Epoch: 6
Epoch: 7
Epoch: 8
Epoch: 9
Epoch: 10
Epoch 10/120 | Train Loss: 0.5567760282312818 | Train Accuracy: 80.802 %
Epoch 10/120 | Test Loss: 0.7409374399739466 | Test Accuracy: 75.27 %
Epoch: 11
Epoch: 12
Epoch: 13
Epoch: 14
Epoch: 15
Epoch: 16
Epoch: 17
Epoch: 18
Epoch: 19
Epoch: 20
Epoch 20/120 | Train Loss: 0.43109208718895 | Train Accuracy: 85.254 %
Epoch 20/120 | Test Loss: 0.594897897285261 | Test Accuracy: 79.7 %
Epoch: 21
Epoch: 22
Epoch: 23
Epoch: 24
Epoch: 25
Epoch: 26
Epoch: 27
Epoch: 28
Epoch: 29
Epoch: 30
Epoch 30/120 | Train Loss: 0.38762560612557795 | Train Accuracy: 86.658 %
Epoch 30/120 | Test Loss: 0.7855848523841542 | Test Accuracy: 76.04 %
Epoch: 31
Epoch: 32
Epoch: 33
Epoch: 34
Epoch: 35
Epoch: 36
Epoch: 37
Epoch: 38
Epoch: 39
Epoch: 40
Epoch 40/120 | Train Loss: 0.36732770113841345 | Train Accuracy: 87.356 %
Epoch 40/120 | Test Loss: 0.5442466490967258 | Test Accuracy: 82.33 %
Epoch: 41
Epoch: 42
Epoch: 43
Epoch: 44
Epoch: 45
Epoch: 46
Epoch: 47
Epoch: 48
Epoch: 49
Epoch: 50
Epoch 50/120 | Train Loss: 0.3569804752040702 | Train Accuracy: 87.842 %
Epoch 50/120 | Test Loss: 0.4605923004590782 | Test Accuracy: 84.89 %
Epoch: 51
Epoch: 52
Epoch: 53
Epoch: 54
Epoch: 55
Epoch: 56
Epoch: 57
Epoch: 58
Epoch: 59
Epoch: 60
Epoch 60/120 | Train Loss: 0.3504212322975973 | Train Accuracy: 88.0 %
Epoch 60/120 | Test Loss: 0.5133629845585793 | Test Accuracy: 83.51 %
Epoch: 61
Epoch: 62
Epoch: 63
Epoch: 64
Epoch: 65
Epoch: 66
Epoch: 67
Epoch: 68
Epoch: 69
Epoch: 70
Epoch 70/120 | Train Loss: 0.34303796237996775 | Train Accuracy: 88.422 %
Epoch 70/120 | Test Loss: 0.6790032935370306 | Test Accuracy: 78.42 %
Epoch: 71
Epoch: 72
Epoch: 73
Epoch: 74
Epoch: 75
Epoch: 76
Epoch: 77
Epoch: 78
Epoch: 79
Epoch: 80
Epoch 80/120 | Train Loss: 0.33385686092364514 | Train Accuracy: 88.542 %
Epoch 80/120 | Test Loss: 0.5344259212161325 | Test Accuracy: 82.91 %
Epoch: 81
Epoch: 82
Epoch: 83
Epoch: 84
Epoch: 85
Epoch: 86
Epoch: 87
Epoch: 88
Epoch: 89
Epoch: 90
Epoch 90/120 | Train Loss: 0.3372364450446175 | Train Accuracy: 88.444 %
Epoch 90/120 | Test Loss: 0.40905562479784535 | Test Accuracy: 86.34 %
Epoch: 91
Epoch: 92
Epoch: 93
Epoch: 94
Epoch: 95
Epoch: 96
Epoch: 97
Epoch: 98
Epoch: 99
Epoch: 100
Epoch 100/120 | Train Loss: 0.06237712644917123 | Train Accuracy: 97.914 %
Epoch 100/120 | Test Loss: 0.2121816173812766 | Test Accuracy: 93.64 %
Epoch: 101
Epoch: 102
Epoch: 103
Epoch: 104
Epoch: 105
Epoch: 106
Epoch: 107
Epoch: 108
Epoch: 109
Epoch: 110
Epoch 110/120 | Train Loss: 0.020493634781130896 | Train Accuracy: 99.48 %
Epoch 110/120 | Test Loss: 0.20208369894249803 | Test Accuracy: 94.17 %
Epoch: 111
Epoch: 112
Epoch: 113
Epoch: 114
Epoch: 115
Epoch: 116
Epoch: 117
Epoch: 118
Epoch: 119
Epoch: 120
Epoch 120/120 | Train Loss: 0.014482414122442227 | Train Accuracy: 99.682 %
Epoch 120/120 | Test Loss: 0.20990299577023952 | Test Accuracy: 94.21 %
Finished Training

Saved model weights to weights/5_weights.pth
Final Training Accuracy:  99.682 % | Final Test Accuracy:  94.210 %

This accuracy is achieved with the following Settings
Number of Blocks in each layer: [2, 2, 2, 2]
 Number of Channels in each layer: [56, 102, 168, 336]
Optimiser: sgd
 Learning Rate: 0.1
Files already downloaded and verified
Files already downloaded and verified
Started Training

Epoch: 1
Epoch: 2
Epoch: 3
Epoch: 4
Epoch: 5
Epoch: 6
Epoch: 7
Epoch: 8
Epoch: 9
Epoch: 10
Epoch 10/120 | Train Loss: 0.6891520174263078 | Train Accuracy: 75.716 %
Epoch 10/120 | Test Loss: 0.7170302480649037 | Test Accuracy: 75.35 %
Epoch: 11
Epoch: 12
Epoch: 13
Epoch: 14
Epoch: 15
Epoch: 16
Epoch: 17
Epoch: 18
Epoch: 19
Epoch: 20
Epoch 20/120 | Train Loss: 0.49941418840147345 | Train Accuracy: 82.652 %
Epoch 20/120 | Test Loss: 0.6827381925218424 | Test Accuracy: 77.44 %
Epoch: 21
Epoch: 22
Epoch: 23
Epoch: 24
Epoch: 25
Epoch: 26
Epoch: 27
Epoch: 28
Epoch: 29
Epoch: 30
Epoch 30/120 | Train Loss: 0.42190240449307825 | Train Accuracy: 85.44 %
Epoch 30/120 | Test Loss: 0.5858610585616653 | Test Accuracy: 80.75 %
Epoch: 31
Epoch: 32
Epoch: 33
Epoch: 34
Epoch: 35
Epoch: 36
Epoch: 37
Epoch: 38
Epoch: 39
Epoch: 40
Epoch 40/120 | Train Loss: 0.3747709080615007 | Train Accuracy: 87.14 %
Epoch 40/120 | Test Loss: 0.48244900716717837 | Test Accuracy: 83.92 %
Epoch: 41
Epoch: 42
Epoch: 43
Epoch: 44
Epoch: 45
Epoch: 46
Epoch: 47
Epoch: 48
Epoch: 49
Epoch: 50
Epoch 50/120 | Train Loss: 0.33938406968055784 | Train Accuracy: 88.266 %
Epoch 50/120 | Test Loss: 0.47098261768081384 | Test Accuracy: 84.46 %
Epoch: 51
Epoch: 52
Epoch: 53
Epoch: 54
Epoch: 55
Epoch: 56
Epoch: 57
Epoch: 58
Epoch: 59
Epoch: 60
Epoch 60/120 | Train Loss: 0.312374331876445 | Train Accuracy: 89.288 %
Epoch 60/120 | Test Loss: 0.4686557744528837 | Test Accuracy: 84.22 %
Epoch: 61
Epoch: 62
Epoch: 63
Epoch: 64
Epoch: 65
Epoch: 66
Epoch: 67
Epoch: 68
Epoch: 69
Epoch: 70
Epoch 70/120 | Train Loss: 0.2912167148745578 | Train Accuracy: 89.998 %
Epoch 70/120 | Test Loss: 0.48319616771427687 | Test Accuracy: 84.49 %
Epoch: 71
Epoch: 72
Epoch: 73
Epoch: 74
Epoch: 75
Epoch: 76
Epoch: 77
Epoch: 78
Epoch: 79
Epoch: 80
Epoch 80/120 | Train Loss: 0.27568681176056337 | Train Accuracy: 90.562 %
Epoch 80/120 | Test Loss: 0.45726469083196797 | Test Accuracy: 85.43 %
Epoch: 81
Epoch: 82
Epoch: 83
Epoch: 84
Epoch: 85
Epoch: 86
Epoch: 87
Epoch: 88
Epoch: 89
Epoch: 90
Epoch 90/120 | Train Loss: 0.26405352117765285 | Train Accuracy: 90.894 %
Epoch 90/120 | Test Loss: 0.41573101431605924 | Test Accuracy: 86.03 %
Epoch: 91
Epoch: 92
Epoch: 93
Epoch: 94
Epoch: 95
Epoch: 96
Epoch: 97
Epoch: 98
Epoch: 99
Epoch: 100
Epoch 100/120 | Train Loss: 0.1633611478464073 | Train Accuracy: 94.58 %
Epoch 100/120 | Test Loss: 0.3051562071036381 | Test Accuracy: 90.18 %
Epoch: 101
Epoch: 102
Epoch: 103
Epoch: 104
Epoch: 105
Epoch: 106
Epoch: 107
Epoch: 108
Epoch: 109
Epoch: 110
Epoch 110/120 | Train Loss: 0.14480265281389437 | Train Accuracy: 95.196 %
Epoch 110/120 | Test Loss: 0.3092114457469078 | Test Accuracy: 90.0 %
Epoch: 111
Epoch: 112
Epoch: 113
Epoch: 114
Epoch: 115
Epoch: 116
Epoch: 117
Epoch: 118
Epoch: 119
Epoch: 120
Epoch 120/120 | Train Loss: 0.14260870344994014 | Train Accuracy: 95.314 %
Epoch 120/120 | Test Loss: 0.3072617054460155 | Test Accuracy: 90.31 %
Finished Training

Saved model weights to weights/6_weights.pth
Final Training Accuracy:  95.314 % | Final Test Accuracy:  90.310 %

This accuracy is achieved with the following Settings
Number of Blocks in each layer: [2, 2, 2, 2]
 Number of Channels in each layer: [56, 102, 168, 336]
Optimiser: adagrad
 Learning Rate: 0.1
Files already downloaded and verified
Files already downloaded and verified
Started Training

Epoch: 1
Epoch: 2
Epoch: 3
Epoch: 4
Epoch: 5
Epoch: 6
Epoch: 7
Epoch: 8
Epoch: 9
Epoch: 10
Epoch 10/120 | Train Loss: 0.3515841988727565 | Train Accuracy: 87.828 %
Epoch 10/120 | Test Loss: 0.7040007359282986 | Test Accuracy: 78.2 %
Epoch: 11
Epoch: 12
Epoch: 13
Epoch: 14
Epoch: 15
Epoch: 16
Epoch: 17
Epoch: 18
Epoch: 19
Epoch: 20
Epoch 20/120 | Train Loss: 0.19974316498431402 | Train Accuracy: 93.096 %
Epoch 20/120 | Test Loss: 0.41236505923187655 | Test Accuracy: 87.51 %
Epoch: 21
Epoch: 22
Epoch: 23
Epoch: 24
Epoch: 25
Epoch: 26
Epoch: 27
Epoch: 28
Epoch: 29
Epoch: 30
Epoch 30/120 | Train Loss: 0.13235672281297575 | Train Accuracy: 95.47 %
Epoch 30/120 | Test Loss: 0.392080968210272 | Test Accuracy: 88.69 %
Epoch: 31
Epoch: 32
Epoch: 33
Epoch: 34
Epoch: 35
Epoch: 36
Epoch: 37
Epoch: 38
Epoch: 39
Epoch: 40
Epoch 40/120 | Train Loss: 0.09350433145337703 | Train Accuracy: 96.73 %
Epoch 40/120 | Test Loss: 0.4598483496410832 | Test Accuracy: 88.1 %
Epoch: 41
Epoch: 42
Epoch: 43
Epoch: 44
Epoch: 45
Epoch: 46
Epoch: 47
Epoch: 48
Epoch: 49
Epoch: 50
Epoch 50/120 | Train Loss: 0.07168153822993684 | Train Accuracy: 97.498 %
Epoch 50/120 | Test Loss: 0.36053286141057495 | Test Accuracy: 90.37 %
Epoch: 51
Epoch: 52
Epoch: 53
Epoch: 54
Epoch: 55
Epoch: 56
Epoch: 57
Epoch: 58
Epoch: 59
Epoch: 60
Epoch 60/120 | Train Loss: 0.06326987551968269 | Train Accuracy: 97.858 %
Epoch 60/120 | Test Loss: 0.44589083321439993 | Test Accuracy: 89.03 %
Epoch: 61
Epoch: 62
Epoch: 63
Epoch: 64
Epoch: 65
Epoch: 66
Epoch: 67
Epoch: 68
Epoch: 69
Epoch: 70
Epoch 70/120 | Train Loss: 0.053269758051180324 | Train Accuracy: 98.23 %
Epoch 70/120 | Test Loss: 0.3453187882473135 | Test Accuracy: 90.79 %
Epoch: 71
Epoch: 72
Epoch: 73
Epoch: 74
Epoch: 75
Epoch: 76
Epoch: 77
Epoch: 78
Epoch: 79
Epoch: 80
Epoch 80/120 | Train Loss: 0.049885148607680334 | Train Accuracy: 98.34 %
Epoch 80/120 | Test Loss: 0.3703704972745507 | Test Accuracy: 90.5 %
Epoch: 81
Epoch: 82
Epoch: 83
Epoch: 84
Epoch: 85
Epoch: 86
Epoch: 87
Epoch: 88
Epoch: 89
Epoch: 90
Epoch 90/120 | Train Loss: 0.047124409505054164 | Train Accuracy: 98.426 %
Epoch 90/120 | Test Loss: 0.34493275668922885 | Test Accuracy: 90.75 %
Epoch: 91
Epoch: 92
Epoch: 93
Epoch: 94
Epoch: 95
Epoch: 96
Epoch: 97
Epoch: 98
Epoch: 99
Epoch: 100
Epoch 100/120 | Train Loss: 0.0052554724807076895 | Train Accuracy: 99.926 %
Epoch 100/120 | Test Loss: 0.25539981848322996 | Test Accuracy: 93.41 %
Epoch: 101
Epoch: 102
Epoch: 103
Epoch: 104
Epoch: 105
Epoch: 106
Epoch: 107
Epoch: 108
Epoch: 109
Epoch: 110
Epoch 110/120 | Train Loss: 0.003649550771145412 | Train Accuracy: 99.956 %
Epoch 110/120 | Test Loss: 0.255672345981951 | Test Accuracy: 93.66 %
Epoch: 111
Epoch: 112
Epoch: 113
Epoch: 114
Epoch: 115
Epoch: 116
Epoch: 117
Epoch: 118
Epoch: 119
Epoch: 120
Epoch 120/120 | Train Loss: 0.003485133817694519 | Train Accuracy: 99.962 %
Epoch 120/120 | Test Loss: 0.25551267091932284 | Test Accuracy: 93.55 %
Finished Training

Saved model weights to weights/7_weights.pth
Final Training Accuracy:  99.962 % | Final Test Accuracy:  93.550 %

This accuracy is achieved with the following Settings
Number of Blocks in each layer: [2, 2, 2, 2]
 Number of Channels in each layer: [56, 102, 168, 336]
Optimiser: adadelta
 Learning Rate: 0.1
Files already downloaded and verified
Files already downloaded and verified
Started Training

Epoch: 1
Epoch: 2
Epoch: 3
Epoch: 4
Epoch: 5
Epoch: 6
Epoch: 7
Epoch: 8
Epoch: 9
Epoch: 10
Epoch 10/120 | Train Loss: 0.42624917409151714 | Train Accuracy: 85.494 %
Epoch 10/120 | Test Loss: 0.5211190432310104 | Test Accuracy: 82.77 %
Epoch: 11
Epoch: 12
Epoch: 13
Epoch: 14
Epoch: 15
Epoch: 16
Epoch: 17
Epoch: 18
Epoch: 19
Epoch: 20
Epoch 20/120 | Train Loss: 0.31201933013737354 | Train Accuracy: 89.39 %
Epoch 20/120 | Test Loss: 0.38722759010685476 | Test Accuracy: 87.37 %
Epoch: 21
Epoch: 22
Epoch: 23
Epoch: 24
Epoch: 25
Epoch: 26
Epoch: 27
Epoch: 28
Epoch: 29
Epoch: 30
Epoch 30/120 | Train Loss: 0.26531870045777783 | Train Accuracy: 90.846 %
Epoch 30/120 | Test Loss: 0.39842399271430484 | Test Accuracy: 87.25 %
Epoch: 31
Epoch: 32
Epoch: 33
Epoch: 34
Epoch: 35
Epoch: 36
Epoch: 37
Epoch: 38
Epoch: 39
Epoch: 40
Epoch 40/120 | Train Loss: 0.24565624447582324 | Train Accuracy: 91.61 %
Epoch 40/120 | Test Loss: 0.3578419210804496 | Test Accuracy: 88.43 %
Epoch: 41
Epoch: 42
Epoch: 43
Epoch: 44
Epoch: 45
Epoch: 46
Epoch: 47
Epoch: 48
Epoch: 49
Epoch: 50
Epoch 50/120 | Train Loss: 0.23341408221389326 | Train Accuracy: 91.964 %
Epoch 50/120 | Test Loss: 0.3435900650776116 | Test Accuracy: 89.02 %
Epoch: 51
Epoch: 52
Epoch: 53
Epoch: 54
Epoch: 55
Epoch: 56
Epoch: 57
Epoch: 58
Epoch: 59
Epoch: 60
Epoch 60/120 | Train Loss: 0.21781245571420627 | Train Accuracy: 92.552 %
Epoch 60/120 | Test Loss: 0.37978519269140665 | Test Accuracy: 88.18 %
Epoch: 61
Epoch: 62
Epoch: 63
Epoch: 64
Epoch: 65
Epoch: 66
Epoch: 67
Epoch: 68
Epoch: 69
Epoch: 70
Epoch 70/120 | Train Loss: 0.21212897651716875 | Train Accuracy: 92.724 %
Epoch 70/120 | Test Loss: 0.4424653785054091 | Test Accuracy: 86.53 %
Epoch: 71
Epoch: 72
Epoch: 73
Epoch: 74
Epoch: 75
Epoch: 76
Epoch: 77
Epoch: 78
Epoch: 79
Epoch: 80
Epoch 80/120 | Train Loss: 0.20786081610814386 | Train Accuracy: 92.808 %
Epoch 80/120 | Test Loss: 0.34256129341710145 | Test Accuracy: 89.17 %
Epoch: 81
Epoch: 82
Epoch: 83
Epoch: 84
Epoch: 85
Epoch: 86
Epoch: 87
Epoch: 88
Epoch: 89
Epoch: 90
Epoch 90/120 | Train Loss: 0.20895181706799265 | Train Accuracy: 92.71 %
Epoch 90/120 | Test Loss: 0.3370186270327325 | Test Accuracy: 89.57 %
Epoch: 91
Epoch: 92
Epoch: 93
Epoch: 94
Epoch: 95
Epoch: 96
Epoch: 97
Epoch: 98
Epoch: 99
Epoch: 100
Epoch 100/120 | Train Loss: 0.6979503737538671 | Train Accuracy: 76.152 %
Epoch 100/120 | Test Loss: 0.8965351169656037 | Test Accuracy: 70.15 %
Epoch: 101
Epoch: 102
Epoch: 103
Epoch: 104
Epoch: 105
Epoch: 106
Epoch: 107
Epoch: 108
Epoch: 109
Epoch: 110
Epoch 110/120 | Train Loss: 0.39773844380665313 | Train Accuracy: 86.26 %
Epoch 110/120 | Test Loss: 0.4494380898726214 | Test Accuracy: 84.84 %
Epoch: 111
Epoch: 112
Epoch: 113
Epoch: 114
Epoch: 115
Epoch: 116
Epoch: 117
Epoch: 118
Epoch: 119
Epoch: 120
Epoch 120/120 | Train Loss: 0.3230543361066857 | Train Accuracy: 88.96 %
Epoch 120/120 | Test Loss: 0.42769275268741475 | Test Accuracy: 86.24 %
Finished Training

Saved model weights to weights/8_weights.pth
Final Training Accuracy:  88.960 % | Final Test Accuracy:  86.240 %

This accuracy is achieved with the following Settings
Number of Blocks in each layer: [2, 2, 2, 2]
 Number of Channels in each layer: [56, 102, 168, 336]
Optimiser: adam
 Learning Rate: 0.1
Files already downloaded and verified
Files already downloaded and verified
Started Training

Epoch: 1
Epoch: 2
Epoch: 3
Epoch: 4
Epoch: 5
Epoch: 6
Epoch: 7
Epoch: 8
Epoch: 9
Epoch: 10
Epoch 10/120 | Train Loss: 0.5037130449738954 | Train Accuracy: 82.668 %
Epoch 10/120 | Test Loss: 0.7440329837571283 | Test Accuracy: 76.09 %
Epoch: 11
Epoch: 12
Epoch: 13
Epoch: 14
Epoch: 15
Epoch: 16
Epoch: 17
Epoch: 18
Epoch: 19
Epoch: 20
Epoch 20/120 | Train Loss: 0.4077827288671528 | Train Accuracy: 85.94 %
Epoch 20/120 | Test Loss: 0.5126506533402546 | Test Accuracy: 82.98 %
Epoch: 21
Epoch: 22
Epoch: 23
Epoch: 24
Epoch: 25
Epoch: 26
Epoch: 27
Epoch: 28
Epoch: 29
Epoch: 30
Epoch 30/120 | Train Loss: 0.3735566625128622 | Train Accuracy: 87.136 %
Epoch 30/120 | Test Loss: 0.5004434510590924 | Test Accuracy: 83.28 %
Epoch: 31
Epoch: 32
Epoch: 33
Epoch: 34
Epoch: 35
Epoch: 36
Epoch: 37
Epoch: 38
Epoch: 39
Epoch: 40
Epoch 40/120 | Train Loss: 0.358712517087112 | Train Accuracy: 87.836 %
Epoch 40/120 | Test Loss: 0.3854848483375683 | Test Accuracy: 87.24 %
Epoch: 41
Epoch: 42
Epoch: 43
Epoch: 44
Epoch: 45
Epoch: 46
Epoch: 47
Epoch: 48
Epoch: 49
Epoch: 50
Epoch 50/120 | Train Loss: 0.354394187288516 | Train Accuracy: 88.038 %
Epoch 50/120 | Test Loss: 0.4660920078634836 | Test Accuracy: 84.41 %
Epoch: 51
Epoch: 52
Epoch: 53
Epoch: 54
Epoch: 55
Epoch: 56
Epoch: 57
Epoch: 58
Epoch: 59
Epoch: 60
Epoch 60/120 | Train Loss: 0.3473084577171089 | Train Accuracy: 88.13 %
Epoch 60/120 | Test Loss: 0.43725709560190795 | Test Accuracy: 85.37 %
Epoch: 61
Epoch: 62
Epoch: 63
Epoch: 64
Epoch: 65
Epoch: 66
Epoch: 67
Epoch: 68
Epoch: 69
Epoch: 70
Epoch 70/120 | Train Loss: 0.3364337711687893 | Train Accuracy: 88.514 %
Epoch 70/120 | Test Loss: 0.5446050351212739 | Test Accuracy: 82.75 %
Epoch: 71
Epoch: 72
Epoch: 73
Epoch: 74
Epoch: 75
Epoch: 76
Epoch: 77
Epoch: 78
Epoch: 79
Epoch: 80
Epoch 80/120 | Train Loss: 0.33712703816573636 | Train Accuracy: 88.396 %
Epoch 80/120 | Test Loss: 0.43666578677429513 | Test Accuracy: 85.65 %
Epoch: 81
Epoch: 82
Epoch: 83
Epoch: 84
Epoch: 85
Epoch: 86
Epoch: 87
Epoch: 88
Epoch: 89
Epoch: 90
Epoch 90/120 | Train Loss: 0.33775479737145214 | Train Accuracy: 88.408 %
Epoch 90/120 | Test Loss: 0.5736093816294032 | Test Accuracy: 81.55 %
Epoch: 91
Epoch: 92
Epoch: 93
Epoch: 94
Epoch: 95
Epoch: 96
Epoch: 97
Epoch: 98
Epoch: 99
Epoch: 100
Epoch 100/120 | Train Loss: 0.061798341360295675 | Train Accuracy: 97.948 %
Epoch 100/120 | Test Loss: 0.21499720796539334 | Test Accuracy: 93.51 %
Epoch: 101
Epoch: 102
Epoch: 103
Epoch: 104
Epoch: 105
Epoch: 106
Epoch: 107
Epoch: 108
Epoch: 109
Epoch: 110
Epoch 110/120 | Train Loss: 0.021274583772672793 | Train Accuracy: 99.376 %
Epoch 110/120 | Test Loss: 0.2023873139338888 | Test Accuracy: 94.34 %
Epoch: 111
Epoch: 112
Epoch: 113
Epoch: 114
Epoch: 115
Epoch: 116
Epoch: 117
Epoch: 118
Epoch: 119
Epoch: 120
Epoch 120/120 | Train Loss: 0.01447846280122676 | Train Accuracy: 99.678 %
Epoch 120/120 | Test Loss: 0.20952265246350105 | Test Accuracy: 94.52 %
Finished Training

Saved model weights to weights/9_weights.pth
Final Training Accuracy:  99.678 % | Final Test Accuracy:  94.520 %

This accuracy is achieved with the following Settings
Number of Blocks in each layer: [2, 2, 2, 2]
 Number of Channels in each layer: [56, 102, 168, 336]
Optimiser: sgd
 Learning Rate: 0.1
Files already downloaded and verified
Files already downloaded and verified
Started Training

Epoch: 1
Epoch: 2
Epoch: 3
Epoch: 4
Epoch: 5
Epoch: 6
Epoch: 7
Epoch: 8
Epoch: 9
Epoch: 10
Epoch 10/120 | Train Loss: 0.6296976616467966 | Train Accuracy: 78.092 %
Epoch 10/120 | Test Loss: 0.6474363913961277 | Test Accuracy: 77.42 %
Epoch: 11
Epoch: 12
Epoch: 13
Epoch: 14
Epoch: 15
Epoch: 16
Epoch: 17
Epoch: 18
Epoch: 19
Epoch: 20
Epoch 20/120 | Train Loss: 0.4520027868430633 | Train Accuracy: 84.588 %
Epoch 20/120 | Test Loss: 0.5384327416207381 | Test Accuracy: 81.47 %
Epoch: 21
Epoch: 22
Epoch: 23
Epoch: 24
Epoch: 25
Epoch: 26
Epoch: 27
Epoch: 28
Epoch: 29
Epoch: 30
Epoch 30/120 | Train Loss: 0.3719684465614426 | Train Accuracy: 87.202 %
Epoch 30/120 | Test Loss: 0.5675445625166984 | Test Accuracy: 82.11 %
Epoch: 31
Epoch: 32
Epoch: 33
Epoch: 34
Epoch: 35
Epoch: 36
Epoch: 37
Epoch: 38
Epoch: 39
Epoch: 40
Epoch 40/120 | Train Loss: 0.3285315313836193 | Train Accuracy: 88.764 %
Epoch 40/120 | Test Loss: 0.46919850577974015 | Test Accuracy: 85.07 %
Epoch: 41
Epoch: 42
Epoch: 43
Epoch: 44
Epoch: 45
Epoch: 46
Epoch: 47
Epoch: 48
Epoch: 49
Epoch: 50
Epoch 50/120 | Train Loss: 0.3006013033487608 | Train Accuracy: 89.62 %
Epoch 50/120 | Test Loss: 0.4802808954267745 | Test Accuracy: 84.8 %
Epoch: 51
Epoch: 52
Epoch: 53
Epoch: 54
Epoch: 55
Epoch: 56
Epoch: 57
Epoch: 58
Epoch: 59
Epoch: 60
Epoch 60/120 | Train Loss: 0.2745697553009938 | Train Accuracy: 90.6 %
Epoch 60/120 | Test Loss: 0.38061521192834635 | Test Accuracy: 87.25 %
Epoch: 61
Epoch: 62
Epoch: 63
Epoch: 64
Epoch: 65
Epoch: 66
Epoch: 67
Epoch: 68
Epoch: 69
Epoch: 70
Epoch 70/120 | Train Loss: 0.25606873783918904 | Train Accuracy: 91.174 %
Epoch 70/120 | Test Loss: 0.45433181628679775 | Test Accuracy: 85.92 %
Epoch: 71
Epoch: 72
Epoch: 73
Epoch: 74
Epoch: 75
Epoch: 76
Epoch: 77
Epoch: 78
Epoch: 79
Epoch: 80
Epoch 80/120 | Train Loss: 0.2387814644123892 | Train Accuracy: 91.682 %
Epoch 80/120 | Test Loss: 0.4396838186083326 | Test Accuracy: 86.05 %
Epoch: 81
Epoch: 82
Epoch: 83
Epoch: 84
Epoch: 85
Epoch: 86
Epoch: 87
Epoch: 88
Epoch: 89
Epoch: 90
Epoch 90/120 | Train Loss: 0.2254539017787065 | Train Accuracy: 92.122 %
Epoch 90/120 | Test Loss: 0.3891172734605279 | Test Accuracy: 87.73 %
Epoch: 91
Epoch: 92
Epoch: 93
Epoch: 94
Epoch: 95
Epoch: 96
Epoch: 97
Epoch: 98
Epoch: 99
Epoch: 100
Epoch 100/120 | Train Loss: 0.1192051909883004 | Train Accuracy: 95.962 %
Epoch 100/120 | Test Loss: 0.30503266001013435 | Test Accuracy: 90.35 %
Epoch: 101
Epoch: 102
Epoch: 103
Epoch: 104
Epoch: 105
Epoch: 106
Epoch: 107
Epoch: 108
Epoch: 109
Epoch: 110
Epoch 110/120 | Train Loss: 0.10531997210953546 | Train Accuracy: 96.464 %
Epoch 110/120 | Test Loss: 0.3057694681890451 | Test Accuracy: 90.61 %
Epoch: 111
Epoch: 112
Epoch: 113
Epoch: 114
Epoch: 115
Epoch: 116
Epoch: 117
Epoch: 118
Epoch: 119
Epoch: 120
Epoch 120/120 | Train Loss: 0.10085685607379355 | Train Accuracy: 96.726 %
Epoch 120/120 | Test Loss: 0.30888234216506316 | Test Accuracy: 90.53 %
Finished Training

Saved model weights to weights/10_weights.pth
Final Training Accuracy:  96.726 % | Final Test Accuracy:  90.530 %

This accuracy is achieved with the following Settings
Number of Blocks in each layer: [2, 2, 2, 2]
 Number of Channels in each layer: [56, 102, 168, 336]
Optimiser: adagrad
 Learning Rate: 0.1
Files already downloaded and verified
Files already downloaded and verified
Started Training

Epoch: 1
Epoch: 2
Epoch: 3
Epoch: 4
Epoch: 5
Epoch: 6
Epoch: 7
Epoch: 8
Epoch: 9
Epoch: 10
Epoch 10/120 | Train Loss: 0.35474998681136716 | Train Accuracy: 87.646 %
Epoch 10/120 | Test Loss: 0.533049608681612 | Test Accuracy: 82.96 %
Epoch: 11
Epoch: 12
Epoch: 13
Epoch: 14
Epoch: 15
Epoch: 16
Epoch: 17
Epoch: 18
Epoch: 19
Epoch: 20
Epoch 20/120 | Train Loss: 0.20512095451964746 | Train Accuracy: 92.846 %
Epoch 20/120 | Test Loss: 0.40565409829282456 | Test Accuracy: 86.63 %
Epoch: 21
Epoch: 22
Epoch: 23
Epoch: 24
Epoch: 25
Epoch: 26
Epoch: 27
Epoch: 28
Epoch: 29
Epoch: 30
Epoch 30/120 | Train Loss: 0.13085519250892008 | Train Accuracy: 95.34 %
Epoch 30/120 | Test Loss: 0.37305012131762355 | Test Accuracy: 88.97 %
Epoch: 31
Epoch: 32
Epoch: 33
Epoch: 34
Epoch: 35
Epoch: 36
Epoch: 37
Epoch: 38
Epoch: 39
Epoch: 40
Epoch 40/120 | Train Loss: 0.09648142120017268 | Train Accuracy: 96.604 %
Epoch 40/120 | Test Loss: 0.4852891655010023 | Test Accuracy: 86.73 %
Epoch: 41
Epoch: 42
Epoch: 43
Epoch: 44
Epoch: 45
Epoch: 46
Epoch: 47
Epoch: 48
Epoch: 49
Epoch: 50
Epoch 50/120 | Train Loss: 0.07699138330786354 | Train Accuracy: 97.34 %
Epoch 50/120 | Test Loss: 0.32942239925929695 | Test Accuracy: 90.82 %
Epoch: 51
Epoch: 52
Epoch: 53
Epoch: 54
Epoch: 55
Epoch: 56
Epoch: 57
Epoch: 58
Epoch: 59
Epoch: 60
Epoch 60/120 | Train Loss: 0.06466605075184836 | Train Accuracy: 97.854 %
Epoch 60/120 | Test Loss: 0.3819441942225216 | Test Accuracy: 89.6 %
Epoch: 61
Epoch: 62
Epoch: 63
Epoch: 64
Epoch: 65
Epoch: 66
Epoch: 67
Epoch: 68
Epoch: 69
Epoch: 70
Epoch 70/120 | Train Loss: 0.05770985107473515 | Train Accuracy: 98.008 %
Epoch 70/120 | Test Loss: 0.554886573534103 | Test Accuracy: 86.23 %
Epoch: 71
Epoch: 72
Epoch: 73
Epoch: 74
Epoch: 75
Epoch: 76
Epoch: 77
Epoch: 78
Epoch: 79
Epoch: 80
Epoch 80/120 | Train Loss: 0.048319089126384926 | Train Accuracy: 98.392 %
Epoch 80/120 | Test Loss: 0.3991628860592083 | Test Accuracy: 90.14 %
Epoch: 81
Epoch: 82
Epoch: 83
Epoch: 84
Epoch: 85
Epoch: 86
Epoch: 87
Epoch: 88
Epoch: 89
Epoch: 90
Epoch 90/120 | Train Loss: 0.044767904430008526 | Train Accuracy: 98.52 %
Epoch 90/120 | Test Loss: 0.5217084957251124 | Test Accuracy: 87.56 %
Epoch: 91
Epoch: 92
Epoch: 93
Epoch: 94
Epoch: 95
Epoch: 96
Epoch: 97
Epoch: 98
Epoch: 99
Epoch: 100
Epoch 100/120 | Train Loss: 0.005399174046079817 | Train Accuracy: 99.918 %
Epoch 100/120 | Test Loss: 0.25743233290305184 | Test Accuracy: 93.55 %
Epoch: 101
Epoch: 102
Epoch: 103
Epoch: 104
Epoch: 105
Epoch: 106
Epoch: 107
Epoch: 108
Epoch: 109
Epoch: 110
Epoch 110/120 | Train Loss: 0.0037058978137569716 | Train Accuracy: 99.956 %
Epoch 110/120 | Test Loss: 0.25600839361761973 | Test Accuracy: 93.7 %
Epoch: 111
Epoch: 112
Epoch: 113
Epoch: 114
Epoch: 115
Epoch: 116
Epoch: 117
Epoch: 118
Epoch: 119
Epoch: 120
Epoch 120/120 | Train Loss: 0.0036775428894669044 | Train Accuracy: 99.96 %
Epoch 120/120 | Test Loss: 0.25489242923606165 | Test Accuracy: 93.61 %
Finished Training

Saved model weights to weights/11_weights.pth
Final Training Accuracy:  99.960 % | Final Test Accuracy:  93.610 %

This accuracy is achieved with the following Settings
Number of Blocks in each layer: [2, 2, 2, 2]
 Number of Channels in each layer: [56, 102, 168, 336]
Optimiser: adadelta
 Learning Rate: 0.1
Files already downloaded and verified
Files already downloaded and verified
Started Training

Epoch: 1
Epoch: 2
Epoch: 3
Epoch: 4
Epoch: 5
Epoch: 6
Epoch: 7
Epoch: 8
Epoch: 9
Epoch: 10
Epoch 10/120 | Train Loss: 0.43884304291604426 | Train Accuracy: 85.118 %
Epoch 10/120 | Test Loss: 0.5830862734727799 | Test Accuracy: 81.22 %
Epoch: 11
Epoch: 12
Epoch: 13
Epoch: 14
Epoch: 15
Epoch: 16
Epoch: 17
Epoch: 18
Epoch: 19
Epoch: 20
Epoch 20/120 | Train Loss: 0.3206160465622192 | Train Accuracy: 89.11 %
Epoch 20/120 | Test Loss: 0.5180798529819318 | Test Accuracy: 83.61 %
Epoch: 21
Epoch: 22
Epoch: 23
Epoch: 24
Epoch: 25
Epoch: 26
Epoch: 27
Epoch: 28
Epoch: 29
Epoch: 30
Epoch 30/120 | Train Loss: 0.2758391960655027 | Train Accuracy: 90.58 %
Epoch 30/120 | Test Loss: 0.35839751543133125 | Test Accuracy: 88.18 %
Epoch: 31
Epoch: 32
Epoch: 33
Epoch: 34
Epoch: 35
Epoch: 36
Epoch: 37
Epoch: 38
Epoch: 39
Epoch: 40
Epoch 40/120 | Train Loss: 0.24619844611114858 | Train Accuracy: 91.638 %
Epoch 40/120 | Test Loss: 0.37369844844197014 | Test Accuracy: 88.18 %
Epoch: 41
Epoch: 42
Epoch: 43
Epoch: 44
Epoch: 45
Epoch: 46
Epoch: 47
Epoch: 48
Epoch: 49
Epoch: 50
Epoch 50/120 | Train Loss: 0.23469103495483204 | Train Accuracy: 91.858 %
Epoch 50/120 | Test Loss: 0.40569031874465333 | Test Accuracy: 87.49 %
Epoch: 51
Epoch: 52
Epoch: 53
Epoch: 54
Epoch: 55
Epoch: 56
Epoch: 57
Epoch: 58
Epoch: 59
Epoch: 60
Epoch 60/120 | Train Loss: 0.23011904228907412 | Train Accuracy: 91.988 %
Epoch 60/120 | Test Loss: 0.37814616369214027 | Test Accuracy: 88.34 %
Epoch: 61
Epoch: 62
Epoch: 63
Epoch: 64
Epoch: 65
Epoch: 66
Epoch: 67
Epoch: 68
Epoch: 69
Epoch: 70
Epoch 70/120 | Train Loss: 0.21835546378436907 | Train Accuracy: 92.588 %
Epoch 70/120 | Test Loss: 0.3459494103481815 | Test Accuracy: 89.08 %
Epoch: 71
Epoch: 72
Epoch: 73
Epoch: 74
Epoch: 75
Epoch: 76
Epoch: 77
Epoch: 78
Epoch: 79
Epoch: 80
Epoch 80/120 | Train Loss: 0.21172322094669122 | Train Accuracy: 92.746 %
Epoch 80/120 | Test Loss: 0.3485990906502031 | Test Accuracy: 88.71 %
Epoch: 81
Epoch: 82
Epoch: 83
Epoch: 84
Epoch: 85
Epoch: 86
Epoch: 87
Epoch: 88
Epoch: 89
Epoch: 90
Epoch 90/120 | Train Loss: 0.20968144512771036 | Train Accuracy: 92.846 %
Epoch 90/120 | Test Loss: 0.3708869430954289 | Test Accuracy: 88.39 %
Epoch: 91
Epoch: 92
Epoch: 93
Epoch: 94
Epoch: 95
Epoch: 96
Epoch: 97
Epoch: 98
Epoch: 99
Epoch: 100
Epoch 100/120 | Train Loss: 0.7154789489248524 | Train Accuracy: 75.546 %
Epoch 100/120 | Test Loss: 1.025111017333474 | Test Accuracy: 66.56 %
Epoch: 101
Epoch: 102
Epoch: 103
Epoch: 104
Epoch: 105
Epoch: 106
Epoch: 107
Epoch: 108
Epoch: 109
Epoch: 110
Epoch 110/120 | Train Loss: 0.40000978199874654 | Train Accuracy: 86.232 %
Epoch 110/120 | Test Loss: 0.44566419682684977 | Test Accuracy: 85.13 %
Epoch: 111
Epoch: 112
Epoch: 113
Epoch: 114
Epoch: 115
Epoch: 116
Epoch: 117
Epoch: 118
Epoch: 119
Epoch: 120
Epoch 120/120 | Train Loss: 0.32416199875609647 | Train Accuracy: 88.788 %
Epoch 120/120 | Test Loss: 0.4515456935972165 | Test Accuracy: 85.51 %
Finished Training

Saved model weights to weights/12_weights.pth
Final Training Accuracy:  88.788 % | Final Test Accuracy:  85.510 %

This accuracy is achieved with the following Settings
Number of Blocks in each layer: [2, 2, 2, 2]
 Number of Channels in each layer: [56, 102, 168, 336]
Optimiser: adam
 Learning Rate: 0.1
