Files already downloaded and verified
Files already downloaded and verified
Started Training

Epoch: 1
Epoch: 2
Epoch: 3
Epoch: 4
Epoch: 5
Epoch: 6
Epoch: 7
Epoch: 8
Epoch: 9
Epoch: 10
Epoch 10/120 | Train Loss: 0.5175677499045497 | Train Accuracy: 82.23 %
Epoch 10/120 | Test Loss: 0.8140808835530736 | Test Accuracy: 73.7 %
Epoch: 11
Epoch: 12
Epoch: 13
Epoch: 14
Epoch: 15
Epoch: 16
Epoch: 17
Epoch: 18
Epoch: 19
Epoch: 20
Epoch 20/120 | Train Loss: 0.4184797030809285 | Train Accuracy: 85.794 %
Epoch 20/120 | Test Loss: 0.5547012715202988 | Test Accuracy: 81.51 %
Epoch: 21
Epoch: 22
Epoch: 23
Epoch: 24
Epoch: 25
Epoch: 26
Epoch: 27
Epoch: 28
Epoch: 29
Epoch: 30
Epoch 30/120 | Train Loss: 0.3883003429759799 | Train Accuracy: 86.832 %
Epoch 30/120 | Test Loss: 0.5431011279297483 | Test Accuracy: 81.71 %
Epoch: 31
Epoch: 32
Epoch: 33
Epoch: 34
Epoch: 35
Epoch: 36
Epoch: 37
Epoch: 38
Epoch: 39
Epoch: 40
Epoch 40/120 | Train Loss: 0.36787365220696727 | Train Accuracy: 87.466 %
Epoch 40/120 | Test Loss: 0.5067840639003522 | Test Accuracy: 83.37 %
Epoch: 41
Epoch: 42
Epoch: 43
Epoch: 44
Epoch: 45
Epoch: 46
Epoch: 47
Epoch: 48
Epoch: 49
Epoch: 50
Epoch 50/120 | Train Loss: 0.3585949773373811 | Train Accuracy: 87.664 %
Epoch 50/120 | Test Loss: 0.5395197526664491 | Test Accuracy: 82.54 %
Epoch: 51
Epoch: 52
Epoch: 53
Epoch: 54
Epoch: 55
Epoch: 56
Epoch: 57
Epoch: 58
Epoch: 59
Epoch: 60
Epoch 60/120 | Train Loss: 0.3536244011138711 | Train Accuracy: 88.014 %
Epoch 60/120 | Test Loss: 0.48037392859625966 | Test Accuracy: 84.21 %
Epoch: 61
Epoch: 62
Epoch: 63
Epoch: 64
Epoch: 65
Epoch: 66
Epoch: 67
Epoch: 68
Epoch: 69
Epoch: 70
Epoch 70/120 | Train Loss: 0.3517617197216624 | Train Accuracy: 88.084 %
Epoch 70/120 | Test Loss: 0.6530493129590514 | Test Accuracy: 81.4 %
Epoch: 71
Epoch: 72
Epoch: 73
Epoch: 74
Epoch: 75
Epoch: 76
Epoch: 77
Epoch: 78
Epoch: 79
Epoch: 80
Epoch 80/120 | Train Loss: 0.3475226517909628 | Train Accuracy: 88.068 %
Epoch 80/120 | Test Loss: 0.6205551409797304 | Test Accuracy: 80.74 %
Epoch: 81
Epoch: 82
Epoch: 83
Epoch: 84
Epoch: 85
Epoch: 86
Epoch: 87
Epoch: 88
Epoch: 89
Epoch: 90
Epoch 90/120 | Train Loss: 0.33607328650744067 | Train Accuracy: 88.46 %
Epoch 90/120 | Test Loss: 0.4309334311705486 | Test Accuracy: 85.54 %
Epoch: 91
Epoch: 92
Epoch: 93
Epoch: 94
Epoch: 95
Epoch: 96
Epoch: 97
Epoch: 98
Epoch: 99
Epoch: 100
Epoch 100/120 | Train Loss: 0.06604514966773636 | Train Accuracy: 97.796 %
Epoch 100/120 | Test Loss: 0.2211778502389314 | Test Accuracy: 93.18 %
Epoch: 101
Epoch: 102
Epoch: 103
Epoch: 104
Epoch: 105
Epoch: 106
Epoch: 107
Epoch: 108
Epoch: 109
Epoch: 110
Epoch 110/120 | Train Loss: 0.023296738101783995 | Train Accuracy: 99.35 %
Epoch 110/120 | Test Loss: 0.20768895165128692 | Test Accuracy: 94.05 %
Epoch: 111
Epoch: 112
Epoch: 113
Epoch: 114
Epoch: 115
Epoch: 116
Epoch: 117
Epoch: 118
Epoch: 119
Epoch: 120
Epoch 120/120 | Train Loss: 0.015838183619229652 | Train Accuracy: 99.632 %
Epoch 120/120 | Test Loss: 0.21044425058303176 | Test Accuracy: 94.13 %
Finished Training

Saved model weights to weights/13_weights.pth
Final Training Accuracy:  99.632 % | Final Test Accuracy:  94.130 %

This accuracy is achieved with the following Settings
Number of Blocks in each layer: [2, 2, 2, 2]
 Number of Channels in each layer: [42, 84, 168, 336]
Optimiser: sgd
 Learning Rate: 0.1
Files already downloaded and verified
Files already downloaded and verified
Started Training

Epoch: 1
Epoch: 2
Epoch: 3
Epoch: 4
Epoch: 5
Epoch: 6
Epoch: 7
Epoch: 8
Epoch: 9
Epoch: 10
Epoch 10/120 | Train Loss: 0.6680452287044671 | Train Accuracy: 76.838 %
Epoch 10/120 | Test Loss: 0.8832714519682964 | Test Accuracy: 71.0 %
Epoch: 11
Epoch: 12
Epoch: 13
Epoch: 14
Epoch: 15
Epoch: 16
Epoch: 17
Epoch: 18
Epoch: 19
Epoch: 20
Epoch 20/120 | Train Loss: 0.47500636662973467 | Train Accuracy: 83.738 %
Epoch 20/120 | Test Loss: 0.737227105410995 | Test Accuracy: 75.81 %
Epoch: 21
Epoch: 22
Epoch: 23
Epoch: 24
Epoch: 25
Epoch: 26
Epoch: 27
Epoch: 28
Epoch: 29
Epoch: 30
Epoch 30/120 | Train Loss: 0.3975015034532303 | Train Accuracy: 86.268 %
Epoch 30/120 | Test Loss: 0.48945498722753705 | Test Accuracy: 83.62 %
Epoch: 31
Epoch: 32
Epoch: 33
Epoch: 34
Epoch: 35
Epoch: 36
Epoch: 37
Epoch: 38
Epoch: 39
Epoch: 40
Epoch 40/120 | Train Loss: 0.3497417800490509 | Train Accuracy: 87.88 %
Epoch 40/120 | Test Loss: 0.4969330318034834 | Test Accuracy: 83.66 %
Epoch: 41
Epoch: 42
Epoch: 43
Epoch: 44
Epoch: 45
Epoch: 46
Epoch: 47
Epoch: 48
Epoch: 49
Epoch: 50
Epoch 50/120 | Train Loss: 0.3172655938683873 | Train Accuracy: 89.042 %
Epoch 50/120 | Test Loss: 0.44399203749219324 | Test Accuracy: 85.79 %
Epoch: 51
Epoch: 52
Epoch: 53
Epoch: 54
Epoch: 55
Epoch: 56
Epoch: 57
Epoch: 58
Epoch: 59
Epoch: 60
Epoch 60/120 | Train Loss: 0.2986682273085465 | Train Accuracy: 89.726 %
Epoch 60/120 | Test Loss: 0.43672301662955315 | Test Accuracy: 85.65 %
Epoch: 61
Epoch: 62
Epoch: 63
Epoch: 64
Epoch: 65
Epoch: 66
Epoch: 67
Epoch: 68
Epoch: 69
Epoch: 70
Epoch 70/120 | Train Loss: 0.27748560063217 | Train Accuracy: 90.458 %
Epoch 70/120 | Test Loss: 0.4243208765034463 | Test Accuracy: 86.06 %
Epoch: 71
Epoch: 72
Epoch: 73
Epoch: 74
Epoch: 75
Epoch: 76
Epoch: 77
Epoch: 78
Epoch: 79
Epoch: 80
Epoch 80/120 | Train Loss: 0.2611165960960071 | Train Accuracy: 90.994 %
Epoch 80/120 | Test Loss: 0.43519660650165215 | Test Accuracy: 85.8 %
Epoch: 81
Epoch: 82
Epoch: 83
Epoch: 84
Epoch: 85
Epoch: 86
Epoch: 87
Epoch: 88
Epoch: 89
Epoch: 90
Epoch 90/120 | Train Loss: 0.24422681575540997 | Train Accuracy: 91.55 %
Epoch 90/120 | Test Loss: 0.39706831648471247 | Test Accuracy: 87.43 %
Epoch: 91
Epoch: 92
Epoch: 93
Epoch: 94
Epoch: 95
Epoch: 96
Epoch: 97
Epoch: 98
Epoch: 99
Epoch: 100
Epoch 100/120 | Train Loss: 0.14426477023821963 | Train Accuracy: 95.216 %
Epoch 100/120 | Test Loss: 0.303243128689611 | Test Accuracy: 90.21 %
Epoch: 101
Epoch: 102
Epoch: 103
Epoch: 104
Epoch: 105
Epoch: 106
Epoch: 107
Epoch: 108
Epoch: 109
Epoch: 110
Epoch 110/120 | Train Loss: 0.13046623911241742 | Train Accuracy: 95.648 %
Epoch 110/120 | Test Loss: 0.30430116631968573 | Test Accuracy: 90.31 %
Epoch: 111
Epoch: 112
Epoch: 113
Epoch: 114
Epoch: 115
Epoch: 116
Epoch: 117
Epoch: 118
Epoch: 119
Epoch: 120
Epoch 120/120 | Train Loss: 0.12305080447622273 | Train Accuracy: 95.926 %
Epoch 120/120 | Test Loss: 0.3065313766324881 | Test Accuracy: 90.26 %
Finished Training

Saved model weights to weights/14_weights.pth
Final Training Accuracy:  95.926 % | Final Test Accuracy:  90.260 %

This accuracy is achieved with the following Settings
Number of Blocks in each layer: [2, 2, 2, 2]
 Number of Channels in each layer: [42, 84, 168, 336]
Optimiser: adagrad
 Learning Rate: 0.1
Files already downloaded and verified
Files already downloaded and verified
Started Training

Epoch: 1
Epoch: 2
Epoch: 3
Epoch: 4
Epoch: 5
Epoch: 6
Epoch: 7
Epoch: 8
Epoch: 9
Epoch: 10
Epoch 10/120 | Train Loss: 0.36630838404378624 | Train Accuracy: 87.19 %
Epoch 10/120 | Test Loss: 0.5471508979417716 | Test Accuracy: 81.79 %
Epoch: 11
Epoch: 12
Epoch: 13
Epoch: 14
Epoch: 15
Epoch: 16
Epoch: 17
Epoch: 18
Epoch: 19
Epoch: 20
Epoch 20/120 | Train Loss: 0.21349031602025337 | Train Accuracy: 92.584 %
Epoch 20/120 | Test Loss: 0.4098231614964783 | Test Accuracy: 87.43 %
Epoch: 21
Epoch: 22
Epoch: 23
Epoch: 24
Epoch: 25
Epoch: 26
Epoch: 27
Epoch: 28
Epoch: 29
Epoch: 30
Epoch 30/120 | Train Loss: 0.1400150423464568 | Train Accuracy: 95.102 %
Epoch 30/120 | Test Loss: 0.3792958646348328 | Test Accuracy: 89.1 %
Epoch: 31
Epoch: 32
Epoch: 33
Epoch: 34
Epoch: 35
Epoch: 36
Epoch: 37
Epoch: 38
Epoch: 39
Epoch: 40
Epoch 40/120 | Train Loss: 0.10477900397404076 | Train Accuracy: 96.276 %
Epoch 40/120 | Test Loss: 0.5142523027054823 | Test Accuracy: 87.01 %
Epoch: 41
Epoch: 42
Epoch: 43
Epoch: 44
Epoch: 45
Epoch: 46
Epoch: 47
Epoch: 48
Epoch: 49
Epoch: 50
Epoch 50/120 | Train Loss: 0.08284659169690536 | Train Accuracy: 97.026 %
Epoch 50/120 | Test Loss: 0.42727505512962677 | Test Accuracy: 88.48 %
Epoch: 51
Epoch: 52
Epoch: 53
Epoch: 54
Epoch: 55
Epoch: 56
Epoch: 57
Epoch: 58
Epoch: 59
Epoch: 60
Epoch 60/120 | Train Loss: 0.0666245564799327 | Train Accuracy: 97.706 %
Epoch 60/120 | Test Loss: 0.37357629442907825 | Test Accuracy: 90.17 %
Epoch: 61
Epoch: 62
Epoch: 63
Epoch: 64
Epoch: 65
Epoch: 66
Epoch: 67
Epoch: 68
Epoch: 69
Epoch: 70
Epoch 70/120 | Train Loss: 0.059141550077330275 | Train Accuracy: 98.014 %
Epoch 70/120 | Test Loss: 0.38590986509421826 | Test Accuracy: 90.05 %
Epoch: 71
Epoch: 72
Epoch: 73
Epoch: 74
Epoch: 75
Epoch: 76
Epoch: 77
Epoch: 78
Epoch: 79
Epoch: 80
Epoch 80/120 | Train Loss: 0.054411540674926984 | Train Accuracy: 98.118 %
Epoch 80/120 | Test Loss: 0.3525716618747468 | Test Accuracy: 90.99 %
Epoch: 81
Epoch: 82
Epoch: 83
Epoch: 84
Epoch: 85
Epoch: 86
Epoch: 87
Epoch: 88
Epoch: 89
Epoch: 90
Epoch 90/120 | Train Loss: 0.048471185949195146 | Train Accuracy: 98.376 %
Epoch 90/120 | Test Loss: 0.39102331622485903 | Test Accuracy: 90.23 %
Epoch: 91
Epoch: 92
Epoch: 93
Epoch: 94
Epoch: 95
Epoch: 96
Epoch: 97
Epoch: 98
Epoch: 99
Epoch: 100
Epoch 100/120 | Train Loss: 0.006178695909188265 | Train Accuracy: 99.912 %
Epoch 100/120 | Test Loss: 0.26524286450236845 | Test Accuracy: 93.28 %
Epoch: 101
Epoch: 102
Epoch: 103
Epoch: 104
Epoch: 105
Epoch: 106
Epoch: 107
Epoch: 108
Epoch: 109
Epoch: 110
Epoch 110/120 | Train Loss: 0.004071434586406554 | Train Accuracy: 99.954 %
Epoch 110/120 | Test Loss: 0.26673690143047246 | Test Accuracy: 93.26 %
Epoch: 111
Epoch: 112
Epoch: 113
Epoch: 114
Epoch: 115
Epoch: 116
Epoch: 117
Epoch: 118
Epoch: 119
Epoch: 120
Epoch 120/120 | Train Loss: 0.0035947776613030535 | Train Accuracy: 99.98 %
Epoch 120/120 | Test Loss: 0.2647971587884388 | Test Accuracy: 93.36 %
Finished Training

Saved model weights to weights/15_weights.pth
Final Training Accuracy:  99.980 % | Final Test Accuracy:  93.360 %

This accuracy is achieved with the following Settings
Number of Blocks in each layer: [2, 2, 2, 2]
 Number of Channels in each layer: [42, 84, 168, 336]
Optimiser: adadelta
 Learning Rate: 0.1
Files already downloaded and verified
Files already downloaded and verified
Started Training

Epoch: 1
Epoch: 2
Epoch: 3
Epoch: 4
Epoch: 5
Epoch: 6
Epoch: 7
Epoch: 8
Epoch: 9
Epoch: 10
Epoch 10/120 | Train Loss: 0.4355549501336139 | Train Accuracy: 85.15 %
Epoch 10/120 | Test Loss: 0.5217899907926086 | Test Accuracy: 82.44 %
Epoch: 11
Epoch: 12
Epoch: 13
Epoch: 14
Epoch: 15
Epoch: 16
Epoch: 17
Epoch: 18
Epoch: 19
Epoch: 20
Epoch 20/120 | Train Loss: 0.3144284770311907 | Train Accuracy: 89.25 %
Epoch 20/120 | Test Loss: 0.4143148701946447 | Test Accuracy: 86.44 %
Epoch: 21
Epoch: 22
Epoch: 23
Epoch: 24
Epoch: 25
Epoch: 26
Epoch: 27
Epoch: 28
Epoch: 29
Epoch: 30
Epoch 30/120 | Train Loss: 0.2651676056558824 | Train Accuracy: 90.804 %
Epoch 30/120 | Test Loss: 0.41102663066926276 | Test Accuracy: 86.31 %
Epoch: 31
Epoch: 32
Epoch: 33
Epoch: 34
Epoch: 35
Epoch: 36
Epoch: 37
Epoch: 38
Epoch: 39
Epoch: 40
Epoch 40/120 | Train Loss: 0.25009430979218933 | Train Accuracy: 91.41 %
Epoch 40/120 | Test Loss: 0.4324717893721951 | Test Accuracy: 86.38 %
Epoch: 41
Epoch: 42
Epoch: 43
Epoch: 44
Epoch: 45
Epoch: 46
Epoch: 47
Epoch: 48
Epoch: 49
Epoch: 50
Epoch 50/120 | Train Loss: 0.23028450958487934 | Train Accuracy: 91.998 %
Epoch 50/120 | Test Loss: 0.36925791251431606 | Test Accuracy: 88.53 %
Epoch: 51
Epoch: 52
Epoch: 53
Epoch: 54
Epoch: 55
Epoch: 56
Epoch: 57
Epoch: 58
Epoch: 59
Epoch: 60
Epoch 60/120 | Train Loss: 0.2201994338151439 | Train Accuracy: 92.498 %
Epoch 60/120 | Test Loss: 0.39630318651343605 | Test Accuracy: 87.46 %
Epoch: 61
Epoch: 62
Epoch: 63
Epoch: 64
Epoch: 65
Epoch: 66
Epoch: 67
Epoch: 68
Epoch: 69
Epoch: 70
Epoch 70/120 | Train Loss: 0.21565103708097086 | Train Accuracy: 92.602 %
Epoch 70/120 | Test Loss: 0.3286007842535426 | Test Accuracy: 89.62 %
Epoch: 71
Epoch: 72
Epoch: 73
Epoch: 74
Epoch: 75
Epoch: 76
Epoch: 77
Epoch: 78
Epoch: 79
Epoch: 80
Epoch 80/120 | Train Loss: 0.21099518060379321 | Train Accuracy: 92.85 %
Epoch 80/120 | Test Loss: 0.3493601834508264 | Test Accuracy: 88.71 %
Epoch: 81
Epoch: 82
Epoch: 83
Epoch: 84
Epoch: 85
Epoch: 86
Epoch: 87
Epoch: 88
Epoch: 89
Epoch: 90
Epoch 90/120 | Train Loss: 0.2060693054914932 | Train Accuracy: 92.924 %
Epoch 90/120 | Test Loss: 0.3583483631918385 | Test Accuracy: 88.86 %
Epoch: 91
Epoch: 92
Epoch: 93
Epoch: 94
Epoch: 95
Epoch: 96
Epoch: 97
Epoch: 98
Epoch: 99
Epoch: 100
Epoch 100/120 | Train Loss: 0.7015128192846732 | Train Accuracy: 76.05 %
Epoch 100/120 | Test Loss: 1.272107392359691 | Test Accuracy: 62.55 %
Epoch: 101
Epoch: 102
Epoch: 103
Epoch: 104
Epoch: 105
Epoch: 106
Epoch: 107
Epoch: 108
Epoch: 109
Epoch: 110
Epoch 110/120 | Train Loss: 0.39677022588070093 | Train Accuracy: 86.346 %
Epoch 110/120 | Test Loss: 0.42179617513516904 | Test Accuracy: 85.98 %
Epoch: 111
Epoch: 112
Epoch: 113
Epoch: 114
Epoch: 115
Epoch: 116
Epoch: 117
Epoch: 118
Epoch: 119
Epoch: 120
Epoch 120/120 | Train Loss: 0.32896304561201567 | Train Accuracy: 88.67 %
Epoch 120/120 | Test Loss: 0.37500520624742384 | Test Accuracy: 87.53 %
Finished Training

Saved model weights to weights/16_weights.pth
Final Training Accuracy:  88.670 % | Final Test Accuracy:  87.530 %

This accuracy is achieved with the following Settings
Number of Blocks in each layer: [2, 2, 2, 2]
 Number of Channels in each layer: [42, 84, 168, 336]
Optimiser: adam
 Learning Rate: 0.1
